2024-07-21 09:12:25,904 DEBUG Logging setup complete.
2024-07-21 09:12:28,518 INFO [31m[1mWARNING: This is a development server. Do not use it in a production deployment. Use a production WSGI server instead.[0m
 * Running on http://127.0.0.1:5000
2024-07-21 09:12:28,519 INFO [33mPress CTRL+C to quit[0m
2024-07-21 09:12:28,521 INFO  * Restarting with stat
2024-07-21 09:12:29,428 DEBUG Logging setup complete.
2024-07-21 09:12:31,460 WARNING  * Debugger is active!
2024-07-21 09:12:31,474 INFO  * Debugger PIN: 597-399-429
2024-07-21 09:13:21,904 INFO 127.0.0.1 - - [21/Jul/2024 09:13:21] "[35m[1mGET / HTTP/1.1[0m" 500 -
2024-07-21 09:13:22,027 INFO 127.0.0.1 - - [21/Jul/2024 09:13:22] "GET /?__debugger__=yes&cmd=resource&f=style.css HTTP/1.1" 200 -
2024-07-21 09:13:22,070 INFO 127.0.0.1 - - [21/Jul/2024 09:13:22] "GET /?__debugger__=yes&cmd=resource&f=debugger.js HTTP/1.1" 200 -
2024-07-21 09:13:22,082 INFO 127.0.0.1 - - [21/Jul/2024 09:13:22] "GET /?__debugger__=yes&cmd=resource&f=console.png HTTP/1.1" 200 -
2024-07-21 09:13:22,149 INFO 127.0.0.1 - - [21/Jul/2024 09:13:22] "[36mGET /?__debugger__=yes&cmd=resource&f=console.png HTTP/1.1[0m" 304 -
2024-07-21 09:13:50,236 INFO 127.0.0.1 - - [21/Jul/2024 09:13:50] "[35m[1mGET / HTTP/1.1[0m" 500 -
2024-07-21 09:13:50,248 INFO 127.0.0.1 - - [21/Jul/2024 09:13:50] "[36mGET /?__debugger__=yes&cmd=resource&f=style.css HTTP/1.1[0m" 304 -
2024-07-21 09:13:50,249 INFO 127.0.0.1 - - [21/Jul/2024 09:13:50] "[36mGET /?__debugger__=yes&cmd=resource&f=debugger.js HTTP/1.1[0m" 304 -
2024-07-21 09:13:50,271 INFO 127.0.0.1 - - [21/Jul/2024 09:13:50] "[36mGET /?__debugger__=yes&cmd=resource&f=console.png HTTP/1.1[0m" 304 -
2024-07-21 09:13:50,281 INFO 127.0.0.1 - - [21/Jul/2024 09:13:50] "[36mGET /?__debugger__=yes&cmd=resource&f=console.png HTTP/1.1[0m" 304 -
2024-07-21 09:13:51,466 INFO 127.0.0.1 - - [21/Jul/2024 09:13:51] "[35m[1mGET / HTTP/1.1[0m" 500 -
2024-07-21 09:13:51,480 INFO 127.0.0.1 - - [21/Jul/2024 09:13:51] "[36mGET /?__debugger__=yes&cmd=resource&f=style.css HTTP/1.1[0m" 304 -
2024-07-21 09:13:51,481 INFO 127.0.0.1 - - [21/Jul/2024 09:13:51] "[36mGET /?__debugger__=yes&cmd=resource&f=debugger.js HTTP/1.1[0m" 304 -
2024-07-21 09:13:51,491 INFO 127.0.0.1 - - [21/Jul/2024 09:13:51] "[36mGET /?__debugger__=yes&cmd=resource&f=console.png HTTP/1.1[0m" 304 -
2024-07-21 09:13:51,500 INFO 127.0.0.1 - - [21/Jul/2024 09:13:51] "[36mGET /?__debugger__=yes&cmd=resource&f=console.png HTTP/1.1[0m" 304 -
2024-07-21 09:14:27,255 INFO 127.0.0.1 - - [21/Jul/2024 09:14:27] "GET / HTTP/1.1" 200 -
2024-07-21 09:14:27,273 INFO 127.0.0.1 - - [21/Jul/2024 09:14:27] "[36mGET /static/images/snapshot.png HTTP/1.1[0m" 304 -
2024-07-21 09:14:27,274 INFO 127.0.0.1 - - [21/Jul/2024 09:14:27] "[36mGET /static/images/studentss.png HTTP/1.1[0m" 304 -
2024-07-21 09:20:48,528 INFO  * Detected change in 'C:\\Users\\Hp\\JPS_ERP_V1\\jps_erp\\routes.py', reloading
2024-07-21 09:20:48,831 INFO  * Restarting with stat
2024-07-21 09:20:49,857 DEBUG Logging setup complete.
2024-07-21 09:20:52,654 WARNING  * Debugger is active!
2024-07-21 09:20:52,660 INFO  * Debugger PIN: 597-399-429
2024-07-21 09:21:03,667 DEBUG seek: 0
2024-07-21 09:21:03,668 DEBUG find_xref: b''
2024-07-21 09:21:03,668 DEBUG find_xref: b'%%EOF'
2024-07-21 09:21:03,668 DEBUG find_xref: b'96845'
2024-07-21 09:21:03,668 DEBUG find_xref: b'startxref'
2024-07-21 09:21:03,669 DEBUG xref found: pos=b'96845'
2024-07-21 09:21:03,669 DEBUG seek: 96845
2024-07-21 09:21:03,669 DEBUG nexttoken: (96845, /b'xref')
2024-07-21 09:21:03,670 DEBUG read_xref_from: start=96845, token=/b'xref'
2024-07-21 09:21:03,670 DEBUG nextline: 96849, b'\n'
2024-07-21 09:21:03,671 DEBUG nextline: 96850, b'0 104\n'
2024-07-21 09:21:03,671 DEBUG nextline: 96856, b'0000000000 65535 f \n'
2024-07-21 09:21:03,671 DEBUG nextline: 96876, b'0000000009 00000 n \n'
2024-07-21 09:21:03,671 DEBUG nextline: 96896, b'0000096655 00000 n \n'
2024-07-21 09:21:03,671 DEBUG nextline: 96916, b'0000000175 00000 n \n'
2024-07-21 09:21:03,672 DEBUG nextline: 96936, b'0000000270 00000 n \n'
2024-07-21 09:21:03,672 DEBUG nextline: 96956, b'0000005524 00000 n \n'
2024-07-21 09:21:03,672 DEBUG nextline: 96976, b'0000000307 00000 n \n'
2024-07-21 09:21:03,673 DEBUG nextline: 96996, b'0000002731 00000 n \n'
2024-07-21 09:21:03,673 DEBUG nextline: 97016, b'0000002751 00000 n \n'
2024-07-21 09:21:03,673 DEBUG nextline: 97036, b'0000005415 00000 n \n'
2024-07-21 09:21:03,673 DEBUG nextline: 97056, b'0000080175 00000 n \n'
2024-07-21 09:21:03,674 DEBUG nextline: 97076, b'0000005435 00000 n \n'
2024-07-21 09:21:03,674 DEBUG nextline: 97096, b'0000005487 00000 n \n'
2024-07-21 09:21:03,674 DEBUG nextline: 97116, b'0000086517 00000 n \n'
2024-07-21 09:21:03,675 DEBUG nextline: 97136, b'0000096516 00000 n \n'
2024-07-21 09:21:03,675 DEBUG nextline: 97156, b'0000005868 00000 n \n'
2024-07-21 09:21:03,675 DEBUG nextline: 97176, b'0000010367 00000 n \n'
2024-07-21 09:21:03,675 DEBUG nextline: 97196, b'0000005645 00000 n \n'
2024-07-21 09:21:03,676 DEBUG nextline: 97216, b'0000005848 00000 n \n'
2024-07-21 09:21:03,676 DEBUG nextline: 97236, b'0000010388 00000 n \n'
2024-07-21 09:21:03,676 DEBUG nextline: 97256, b'0000010722 00000 n \n'
2024-07-21 09:21:03,677 DEBUG nextline: 97276, b'0000015033 00000 n \n'
2024-07-21 09:21:03,677 DEBUG nextline: 97296, b'0000010510 00000 n \n'
2024-07-21 09:21:03,677 DEBUG nextline: 97316, b'0000010702 00000 n \n'
2024-07-21 09:21:03,677 DEBUG nextline: 97336, b'0000015054 00000 n \n'
2024-07-21 09:21:03,678 DEBUG nextline: 97356, b'0000015388 00000 n \n'
2024-07-21 09:21:03,678 DEBUG nextline: 97376, b'0000019856 00000 n \n'
2024-07-21 09:21:03,678 DEBUG nextline: 97396, b'0000015176 00000 n \n'
2024-07-21 09:21:03,678 DEBUG nextline: 97416, b'0000015368 00000 n \n'
2024-07-21 09:21:03,679 DEBUG nextline: 97436, b'0000019877 00000 n \n'
2024-07-21 09:21:03,679 DEBUG nextline: 97456, b'0000020211 00000 n \n'
2024-07-21 09:21:03,679 DEBUG nextline: 97476, b'0000024596 00000 n \n'
2024-07-21 09:21:03,679 DEBUG nextline: 97496, b'0000019999 00000 n \n'
2024-07-21 09:21:03,680 DEBUG nextline: 97516, b'0000020191 00000 n \n'
2024-07-21 09:21:03,680 DEBUG nextline: 97536, b'0000024617 00000 n \n'
2024-07-21 09:21:03,681 DEBUG nextline: 97556, b'0000024951 00000 n \n'
2024-07-21 09:21:03,681 DEBUG nextline: 97576, b'0000029334 00000 n \n'
2024-07-21 09:21:03,681 DEBUG nextline: 97596, b'0000024739 00000 n \n'
2024-07-21 09:21:03,682 DEBUG nextline: 97616, b'0000024931 00000 n \n'
2024-07-21 09:21:03,682 DEBUG nextline: 97636, b'0000029355 00000 n \n'
2024-07-21 09:21:03,682 DEBUG nextline: 97656, b'0000029689 00000 n \n'
2024-07-21 09:21:03,683 DEBUG nextline: 97676, b'0000034057 00000 n \n'
2024-07-21 09:21:03,683 DEBUG nextline: 97696, b'0000029477 00000 n \n'
2024-07-21 09:21:03,683 DEBUG nextline: 97716, b'0000029669 00000 n \n'
2024-07-21 09:21:03,683 DEBUG nextline: 97736, b'0000034078 00000 n \n'
2024-07-21 09:21:03,684 DEBUG nextline: 97756, b'0000034412 00000 n \n'
2024-07-21 09:21:03,684 DEBUG nextline: 97776, b'0000038729 00000 n \n'
2024-07-21 09:21:03,684 DEBUG nextline: 97796, b'0000034200 00000 n \n'
2024-07-21 09:21:03,684 DEBUG nextline: 97816, b'0000034392 00000 n \n'
2024-07-21 09:21:03,685 DEBUG nextline: 97836, b'0000038750 00000 n \n'
2024-07-21 09:21:03,685 DEBUG nextline: 97856, b'0000039084 00000 n \n'
2024-07-21 09:21:03,685 DEBUG nextline: 97876, b'0000043487 00000 n \n'
2024-07-21 09:21:03,685 DEBUG nextline: 97896, b'0000038872 00000 n \n'
2024-07-21 09:21:03,686 DEBUG nextline: 97916, b'0000039064 00000 n \n'
2024-07-21 09:21:03,686 DEBUG nextline: 97936, b'0000043508 00000 n \n'
2024-07-21 09:21:03,686 DEBUG nextline: 97956, b'0000043842 00000 n \n'
2024-07-21 09:21:03,686 DEBUG nextline: 97976, b'0000047979 00000 n \n'
2024-07-21 09:21:03,687 DEBUG nextline: 97996, b'0000043630 00000 n \n'
2024-07-21 09:21:03,687 DEBUG nextline: 98016, b'0000043822 00000 n \n'
2024-07-21 09:21:03,687 DEBUG nextline: 98036, b'0000048000 00000 n \n'
2024-07-21 09:21:03,687 DEBUG nextline: 98056, b'0000048334 00000 n \n'
2024-07-21 09:21:03,688 DEBUG nextline: 98076, b'0000052794 00000 n \n'
2024-07-21 09:21:03,688 DEBUG nextline: 98096, b'0000048122 00000 n \n'
2024-07-21 09:21:03,688 DEBUG nextline: 98116, b'0000048314 00000 n \n'
2024-07-21 09:21:03,689 DEBUG nextline: 98136, b'0000052815 00000 n \n'
2024-07-21 09:21:03,689 DEBUG nextline: 98156, b'0000053149 00000 n \n'
2024-07-21 09:21:03,689 DEBUG nextline: 98176, b'0000057697 00000 n \n'
2024-07-21 09:21:03,689 DEBUG nextline: 98196, b'0000052937 00000 n \n'
2024-07-21 09:21:03,690 DEBUG nextline: 98216, b'0000053129 00000 n \n'
2024-07-21 09:21:03,690 DEBUG nextline: 98236, b'0000057718 00000 n \n'
2024-07-21 09:21:03,690 DEBUG nextline: 98256, b'0000058052 00000 n \n'
2024-07-21 09:21:03,691 DEBUG nextline: 98276, b'0000062406 00000 n \n'
2024-07-21 09:21:03,691 DEBUG nextline: 98296, b'0000057840 00000 n \n'
2024-07-21 09:21:03,691 DEBUG nextline: 98316, b'0000058032 00000 n \n'
2024-07-21 09:21:03,691 DEBUG nextline: 98336, b'0000062427 00000 n \n'
2024-07-21 09:21:03,692 DEBUG nextline: 98356, b'0000062761 00000 n \n'
2024-07-21 09:21:03,692 DEBUG nextline: 98376, b'0000067240 00000 n \n'
2024-07-21 09:21:03,692 DEBUG nextline: 98396, b'0000062549 00000 n \n'
2024-07-21 09:21:03,692 DEBUG nextline: 98416, b'0000062741 00000 n \n'
2024-07-21 09:21:03,693 DEBUG nextline: 98436, b'0000067747 00000 n \n'
2024-07-21 09:21:03,693 DEBUG nextline: 98456, b'0000067261 00000 n \n'
2024-07-21 09:21:03,693 DEBUG nextline: 98476, b'0000067580 00000 n \n'
2024-07-21 09:21:03,693 DEBUG nextline: 98496, b'0000067432 00000 n \n'
2024-07-21 09:21:03,694 DEBUG nextline: 98516, b'0000067325 00000 n \n'
2024-07-21 09:21:03,694 DEBUG nextline: 98536, b'0000067643 00000 n \n'
2024-07-21 09:21:03,694 DEBUG nextline: 98556, b'0000068081 00000 n \n'
2024-07-21 09:21:03,695 DEBUG nextline: 98576, b'0000071284 00000 n \n'
2024-07-21 09:21:03,695 DEBUG nextline: 98596, b'0000067869 00000 n \n'
